<?xml version="1.0" encoding="utf-8"?><testsuites name="pytest tests"><testsuite name="pytest" errors="0" failures="0" skipped="3" tests="13" time="1.316" timestamp="2026-01-22T23:00:47.101655+00:00" hostname="agent-env-c737677e-66b5-4d2e-9177-139619782601"><testcase classname="tests.test_admin_cancel.TestAdminCancelAPIs" name="test_admin_login_success" time="0.136" /><testcase classname="tests.test_admin_cancel.TestAdminCancelAPIs" name="test_admin_login_invalid_credentials" time="0.136" /><testcase classname="tests.test_admin_cancel.TestAdminCancelAPIs" name="test_cancel_booking_nonexistent" time="0.062" /><testcase classname="tests.test_admin_cancel.TestAdminCancelAPIs" name="test_cancel_ticket_nonexistent" time="0.115" /><testcase classname="tests.test_admin_cancel.TestAdminCancelAPIs" name="test_get_games_list" time="0.102" /><testcase classname="tests.test_admin_cancel.TestAdminCancelAPIs" name="test_get_admin_bookings" time="0.143" /><testcase classname="tests.test_admin_cancel.TestAdminCancelAPIs" name="test_cancel_booking_for_live_game_fails" time="0.093" /><testcase classname="tests.test_admin_cancel.TestAdminCancelAPIs" name="test_cancel_ticket_for_live_game_fails" time="0.071"><skipped type="pytest.skip" message="No booked tickets for live game">/app/backend/tests/test_admin_cancel.py:154: No booked tickets for live game</skipped></testcase><testcase classname="tests.test_admin_cancel.TestAdminCancelAPIs" name="test_cancel_booking_for_upcoming_game_succeeds" time="0.076"><skipped type="pytest.skip" message="No bookings for upcoming game">/app/backend/tests/test_admin_cancel.py:198: No bookings for upcoming game</skipped></testcase><testcase classname="tests.test_admin_cancel.TestAdminCancelAPIs" name="test_cancel_already_cancelled_booking_fails" time="0.109"><skipped type="pytest.skip" message="No cancelled bookings to test">/app/backend/tests/test_admin_cancel.py:225: No cancelled bookings to test</skipped></testcase><testcase classname="tests.test_admin_cancel.TestAdminCancelAPIs" name="test_cancel_unbooked_ticket_fails" time="0.100" /><testcase classname="tests.test_admin_cancel.TestAdminVerify" name="test_admin_verify_without_token" time="0.037" /><testcase classname="tests.test_admin_cancel.TestAdminVerify" name="test_admin_verify_with_valid_token" time="0.078" /></testsuite></testsuites>