<?xml version="1.0" encoding="utf-8"?><testsuites name="pytest tests"><testsuite name="pytest" errors="0" failures="0" skipped="0" tests="13" time="0.877" timestamp="2026-01-28T17:22:25.700627+00:00" hostname="agent-env-fefdda5d-c42b-4ae2-80df-459f308c75a0"><testcase classname="tests.test_audio_caller_simplified.TestAudioCallerSimplified" name="test_01_create_audio_game_without_date_time" time="0.103" /><testcase classname="tests.test_audio_caller_simplified.TestAudioCallerSimplified" name="test_02_start_game" time="0.042" /><testcase classname="tests.test_audio_caller_simplified.TestAudioCallerSimplified" name="test_03_call_numbers" time="0.157" /><testcase classname="tests.test_audio_caller_simplified.TestAudioCallerSimplified" name="test_04_verify_game_state_before_reset" time="0.041" /><testcase classname="tests.test_audio_caller_simplified.TestAudioCallerSimplified" name="test_05_reset_game" time="0.046" /><testcase classname="tests.test_audio_caller_simplified.TestAudioCallerSimplified" name="test_06_verify_game_state_after_reset" time="0.038" /><testcase classname="tests.test_audio_caller_simplified.TestAudioCallerSimplified" name="test_07_call_numbers_after_reset" time="0.040" /><testcase classname="tests.test_audio_caller_simplified.TestAudioCallerSimplified" name="test_08_end_game" time="0.039" /><testcase classname="tests.test_audio_caller_simplified.TestAudioCallerSimplified" name="test_09_verify_game_completed" time="0.037" /><testcase classname="tests.test_audio_caller_simplified.TestAudioGameCreationValidation" name="test_audio_game_only_requires_name_and_interval" time="0.042" /><testcase classname="tests.test_audio_caller_simplified.TestAudioGameCreationValidation" name="test_default_call_interval_is_8" time="0.041" /><testcase classname="tests.test_audio_caller_simplified.TestResetEndpointAuthorization" name="test_reset_requires_authentication" time="0.038" /><testcase classname="tests.test_audio_caller_simplified.TestResetEndpointAuthorization" name="test_reset_only_by_host" time="0.149" /></testsuite></testsuites>