<?xml version="1.0" encoding="utf-8"?><testsuites name="pytest tests"><testsuite name="pytest" errors="0" failures="5" skipped="0" tests="16" time="0.946" timestamp="2026-01-28T14:55:29.839021+00:00" hostname="agent-env-fefdda5d-c42b-4ae2-80df-459f308c75a0"><testcase classname="backend.tests.test_audio_caller.TestAudioCallerBackend" name="test_01_auth_works" time="0.095" /><testcase classname="backend.tests.test_audio_caller.TestAudioCallerBackend" name="test_02_create_digital_game" time="0.064" /><testcase classname="backend.tests.test_audio_caller.TestAudioCallerBackend" name="test_03_create_audio_only_game" time="0.044" /><testcase classname="backend.tests.test_audio_caller.TestAudioCallerBackend" name="test_04_get_audio_game_details" time="0.042" /><testcase classname="backend.tests.test_audio_caller.TestAudioCallerBackend" name="test_05_poll_user_game_by_id" time="0.044" /><testcase classname="backend.tests.test_audio_caller.TestAudioCallerBackend" name="test_06_poll_user_game_by_share_code" time="0.039" /><testcase classname="backend.tests.test_audio_caller.TestAudioCallerBackend" name="test_07_start_audio_game" time="0.044"><failure message="AssertionError: assert None == 'live'&#10; +  where None = &lt;built-in method get of dict object at 0xfa80308bb640&gt;('status')&#10; +    where &lt;built-in method get of dict object at 0xfa80308bb640&gt; = {'message': 'Game started!'}.get">backend/tests/test_audio_caller.py:184: in test_07_start_audio_game
    assert data.get("status") == "live"
E   AssertionError: assert None == 'live'
E    +  where None = &lt;built-in method get of dict object at 0xfa80308bb640&gt;('status')
E    +    where &lt;built-in method get of dict object at 0xfa80308bb640&gt; = {'message': 'Game started!'}.get</failure></testcase><testcase classname="backend.tests.test_audio_caller.TestAudioCallerBackend" name="test_08_call_number_in_audio_game" time="0.040"><failure message="AssertionError: assert 'current_number' in {'called_numbers': [6], 'number': 6, 'remaining': 89}">backend/tests/test_audio_caller.py:203: in test_08_call_number_in_audio_game
    assert "current_number" in data
E   AssertionError: assert 'current_number' in {'called_numbers': [6], 'number': 6, 'remaining': 89}</failure></testcase><testcase classname="backend.tests.test_audio_caller.TestAudioCallerBackend" name="test_09_poll_delta_updates" time="0.042"><failure message="AssertionError: assert 1 == 3&#10; +  where 1 = &lt;built-in method get of dict object at 0xfa80304fd600&gt;('total_called')&#10; +    where &lt;built-in method get of dict object at 0xfa80304fd600&gt; = {'all_called_numbers': [6], 'audio_only': True, 'call_interval': 10, 'current_number': 6, ...}.get">backend/tests/test_audio_caller.py:227: in test_09_poll_delta_updates
    assert data.get("total_called") == 3
E   AssertionError: assert 1 == 3
E    +  where 1 = &lt;built-in method get of dict object at 0xfa80304fd600&gt;('total_called')
E    +    where &lt;built-in method get of dict object at 0xfa80304fd600&gt; = {'all_called_numbers': [6], 'audio_only': True, 'call_interval': 10, 'current_number': 6, ...}.get</failure></testcase><testcase classname="backend.tests.test_audio_caller.TestAudioCallerBackend" name="test_10_public_poll_during_live_game" time="0.046"><failure message="AssertionError: assert 1 == 3&#10; +  where 1 = &lt;built-in method get of dict object at 0xfa803050ca80&gt;('total_called')&#10; +    where &lt;built-in method get of dict object at 0xfa803050ca80&gt; = {'all_called_numbers': [6], 'audio_only': True, 'call_interval': 10, 'current_number': 6, ...}.get">backend/tests/test_audio_caller.py:254: in test_10_public_poll_during_live_game
    assert data.get("total_called") == 3
E   AssertionError: assert 1 == 3
E    +  where 1 = &lt;built-in method get of dict object at 0xfa803050ca80&gt;('total_called')
E    +    where &lt;built-in method get of dict object at 0xfa803050ca80&gt; = {'all_called_numbers': [6], 'audio_only': True, 'call_interval': 10, 'current_number': 6, ...}.get</failure></testcase><testcase classname="backend.tests.test_audio_caller.TestAudioCallerBackend" name="test_11_end_audio_game" time="0.042"><failure message="AssertionError: assert None == 'completed'&#10; +  where None = &lt;built-in method get of dict object at 0xfa8030b63bc0&gt;('status')&#10; +    where &lt;built-in method get of dict object at 0xfa8030b63bc0&gt; = {'message': 'Game ended!'}.get">backend/tests/test_audio_caller.py:272: in test_11_end_audio_game
    assert data.get("status") == "completed"
E   AssertionError: assert None == 'completed'
E    +  where None = &lt;built-in method get of dict object at 0xfa8030b63bc0&gt;('status')
E    +    where &lt;built-in method get of dict object at 0xfa8030b63bc0&gt; = {'message': 'Game ended!'}.get</failure></testcase><testcase classname="backend.tests.test_audio_caller.TestAudioCallerBackend" name="test_12_poll_completed_game" time="0.037" /><testcase classname="backend.tests.test_audio_caller.TestAudioCallerBackend" name="test_13_poll_nonexistent_game" time="0.038" /><testcase classname="backend.tests.test_audio_caller.TestAudioCallerBackend" name="test_14_poll_nonexistent_share_code" time="0.037" /><testcase classname="backend.tests.test_audio_caller.TestAudioCallerBackend" name="test_15_create_game_default_call_interval" time="0.042" /><testcase classname="backend.tests.test_audio_caller.TestAudioCallerBackend" name="test_16_cleanup_test_games" time="0.133" /></testsuite></testsuites>