<?xml version="1.0" encoding="utf-8"?><testsuites name="pytest tests"><testsuite name="pytest" errors="0" failures="0" skipped="0" tests="16" time="1.826" timestamp="2026-01-28T14:56:07.673538+00:00" hostname="agent-env-fefdda5d-c42b-4ae2-80df-459f308c75a0"><testcase classname="backend.tests.test_audio_caller.TestAudioCallerBackend" name="test_01_auth_works" time="0.082" /><testcase classname="backend.tests.test_audio_caller.TestAudioCallerBackend" name="test_02_create_digital_game" time="0.081" /><testcase classname="backend.tests.test_audio_caller.TestAudioCallerBackend" name="test_03_create_audio_only_game" time="0.043" /><testcase classname="backend.tests.test_audio_caller.TestAudioCallerBackend" name="test_04_get_audio_game_details" time="0.038" /><testcase classname="backend.tests.test_audio_caller.TestAudioCallerBackend" name="test_05_poll_user_game_by_id" time="0.041" /><testcase classname="backend.tests.test_audio_caller.TestAudioCallerBackend" name="test_06_poll_user_game_by_share_code" time="0.041" /><testcase classname="backend.tests.test_audio_caller.TestAudioCallerBackend" name="test_07_start_audio_game" time="0.083" /><testcase classname="backend.tests.test_audio_caller.TestAudioCallerBackend" name="test_08_call_number_in_audio_game" time="0.780" /><testcase classname="backend.tests.test_audio_caller.TestAudioCallerBackend" name="test_09_poll_delta_updates" time="0.150" /><testcase classname="backend.tests.test_audio_caller.TestAudioCallerBackend" name="test_10_public_poll_during_live_game" time="0.037" /><testcase classname="backend.tests.test_audio_caller.TestAudioCallerBackend" name="test_11_end_audio_game" time="0.083" /><testcase classname="backend.tests.test_audio_caller.TestAudioCallerBackend" name="test_12_poll_completed_game" time="0.040" /><testcase classname="backend.tests.test_audio_caller.TestAudioCallerBackend" name="test_13_poll_nonexistent_game" time="0.039" /><testcase classname="backend.tests.test_audio_caller.TestAudioCallerBackend" name="test_14_poll_nonexistent_share_code" time="0.038" /><testcase classname="backend.tests.test_audio_caller.TestAudioCallerBackend" name="test_15_create_game_default_call_interval" time="0.044" /><testcase classname="backend.tests.test_audio_caller.TestAudioCallerBackend" name="test_16_cleanup_test_games" time="0.118" /></testsuite></testsuites>