<?xml version="1.0" encoding="utf-8"?><testsuites name="pytest tests"><testsuite name="pytest" errors="0" failures="0" skipped="0" tests="14" time="2.088" timestamp="2026-01-19T01:32:37.642639+00:00" hostname="agent-env-6dcd87ed-9545-41e8-b318-d6dc9118de27"><testcase classname="tests.test_booking_checkout.TestBookingCheckoutFlow" name="test_01_create_upcoming_game" time="0.434" /><testcase classname="tests.test_booking_checkout.TestBookingCheckoutFlow" name="test_02_get_game_tickets" time="0.041" /><testcase classname="tests.test_booking_checkout.TestBookingCheckoutFlow" name="test_03_create_booking_request" time="0.078" /><testcase classname="tests.test_booking_checkout.TestBookingCheckoutFlow" name="test_04_get_booking_request_by_id" time="0.077" /><testcase classname="tests.test_booking_checkout.TestBookingCheckoutFlow" name="test_05_get_my_booking_requests" time="0.036" /><testcase classname="tests.test_booking_checkout.TestBookingCheckoutFlow" name="test_06_duplicate_booking_request_rejected" time="0.078" /><testcase classname="tests.test_booking_checkout.TestBookingCheckoutFlow" name="test_07_unauthorized_access_rejected" time="0.038" /><testcase classname="tests.test_booking_checkout.TestBookingCheckoutFlow" name="test_08_booking_request_for_live_game_rejected" time="1.221" /><testcase classname="tests.test_booking_checkout.TestTransactionReferenceFormat" name="test_txn_ref_format" time="0.000" /><testcase classname="tests.test_booking_checkout.TestWhatsAppMessageFormat" name="test_message_format" time="0.000" /><testcase classname="tests.test_booking_checkout.TestUPIConfiguration" name="test_upi_id_format" time="0.000" /><testcase classname="tests.test_booking_checkout.TestUPIConfiguration" name="test_whatsapp_number_format" time="0.000" /><testcase classname="tests.test_booking_checkout.TestRouteConfiguration" name="test_checkout_route_exists" time="0.000" /><testcase classname="tests.test_booking_checkout.TestRouteConfiguration" name="test_booking_checkout_component_exists" time="0.000" /></testsuite></testsuites>