<?xml version="1.0" encoding="utf-8"?><testsuites name="pytest tests"><testsuite name="pytest" errors="0" failures="0" skipped="0" tests="14" time="0.883" timestamp="2026-01-08T22:04:19.826943+00:00" hostname="agent-env-f2ca54ad-1daa-437a-aadb-8ef30ada338e"><testcase classname="tests.test_bookings_whatsapp_logs.TestConfirmPaymentEndpoint" name="test_confirm_payment_nonexistent_booking" time="0.120" /><testcase classname="tests.test_bookings_whatsapp_logs.TestConfirmPaymentEndpoint" name="test_confirm_payment_endpoint_exists" time="0.050" /><testcase classname="tests.test_bookings_whatsapp_logs.TestWhatsAppLogsEndpoint" name="test_get_whatsapp_logs" time="0.051" /><testcase classname="tests.test_bookings_whatsapp_logs.TestWhatsAppLogsEndpoint" name="test_whatsapp_logs_with_game_filter" time="0.047" /><testcase classname="tests.test_bookings_whatsapp_logs.TestWhatsAppLogsEndpoint" name="test_whatsapp_logs_structure" time="0.051" /><testcase classname="tests.test_bookings_whatsapp_logs.TestWhatsAppLogsEndpoint" name="test_whatsapp_logs_requires_admin_auth" time="0.039" /><testcase classname="tests.test_bookings_whatsapp_logs.TestGameControlBookingsData" name="test_control_returns_booking_details" time="0.054" /><testcase classname="tests.test_bookings_whatsapp_logs.TestGameControlBookingsData" name="test_control_returns_whatsapp_logs" time="0.064" /><testcase classname="tests.test_bookings_whatsapp_logs.TestGameControlBookingsData" name="test_control_returns_ticket_summary" time="0.053" /><testcase classname="tests.test_bookings_whatsapp_logs.TestBookingsTableColumns" name="test_booking_has_user_info" time="0.049" /><testcase classname="tests.test_bookings_whatsapp_logs.TestBookingsTableColumns" name="test_booking_has_status" time="0.070" /><testcase classname="tests.test_bookings_whatsapp_logs.TestWhatsAppOptInLogic" name="test_booking_whatsapp_opt_in_default" time="0.050" /><testcase classname="tests.test_bookings_whatsapp_logs.TestLogsImmutability" name="test_no_update_endpoint_for_logs" time="0.099" /><testcase classname="tests.test_bookings_whatsapp_logs.TestLogsImmutability" name="test_no_delete_endpoint_for_logs" time="0.008" /></testsuite></testsuites>