<?xml version="1.0" encoding="utf-8"?><testsuites name="pytest tests"><testsuite name="pytest" errors="0" failures="0" skipped="0" tests="15" time="1.188" timestamp="2026-01-08T21:26:04.031320+00:00" hostname="agent-env-f2ca54ad-1daa-437a-aadb-8ef30ada338e"><testcase classname="tests.test_game_control.TestAdminAuth" name="test_admin_login_success" time="0.099" /><testcase classname="tests.test_game_control.TestAdminAuth" name="test_admin_login_invalid_credentials" time="0.037" /><testcase classname="tests.test_game_control.TestGameControlEndpoint" name="test_get_game_control_data" time="0.154" /><testcase classname="tests.test_game_control.TestGameControlEndpoint" name="test_game_control_nonexistent_game" time="0.051" /><testcase classname="tests.test_game_control.TestGameControlEndpoint" name="test_game_control_requires_admin_auth" time="0.052" /><testcase classname="tests.test_game_control.TestWhatsAppBookingConfirmation" name="test_booking_confirmation_requires_booking_id" time="0.087" /><testcase classname="tests.test_game_control.TestWhatsAppBookingConfirmation" name="test_booking_confirmation_invalid_booking" time="0.097" /><testcase classname="tests.test_game_control.TestWhatsAppGameReminder" name="test_game_reminder_nonexistent_game" time="0.048" /><testcase classname="tests.test_game_control.TestWhatsAppGameReminder" name="test_game_reminder_no_bookings" time="0.085" /><testcase classname="tests.test_game_control.TestWhatsAppGameReminder" name="test_game_reminder_outside_24hr_window" time="0.074" /><testcase classname="tests.test_game_control.TestWhatsAppJoinLink" name="test_join_link_nonexistent_game" time="0.059" /><testcase classname="tests.test_game_control.TestWhatsAppJoinLink" name="test_join_link_nonexistent_user" time="0.053" /><testcase classname="tests.test_game_control.TestWhatsAppJoinLink" name="test_join_link_requires_user_id" time="0.052" /><testcase classname="tests.test_game_control.TestGameControlIntegration" name="test_control_data_reflects_ticket_sales" time="0.102" /><testcase classname="tests.test_game_control.TestGameControlIntegration" name="test_whatsapp_logs_structure" time="0.061" /></testsuite></testsuites>