<?xml version="1.0" encoding="utf-8"?><testsuites name="pytest tests"><testsuite name="pytest" errors="0" failures="1" skipped="0" tests="11" time="2.487" timestamp="2026-01-22T22:05:01.882897+00:00" hostname="agent-env-c737677e-66b5-4d2e-9177-139619782601"><testcase classname="backend.tests.test_lucky_draw.TestLuckyDrawFeature" name="test_01_admin_login" time="0.131" /><testcase classname="backend.tests.test_lucky_draw.TestLuckyDrawFeature" name="test_02_create_game_with_lucky_draw_prize" time="0.201" /><testcase classname="backend.tests.test_lucky_draw.TestLuckyDrawFeature" name="test_03_lucky_draw_endpoint_returns_data" time="0.235" /><testcase classname="backend.tests.test_lucky_draw.TestLuckyDrawFeature" name="test_04_lucky_draw_excludes_from_dividend_count" time="0.135" /><testcase classname="backend.tests.test_lucky_draw.TestLuckyDrawFeature" name="test_05_game_control_endpoint_exists" time="0.195" /><testcase classname="backend.tests.test_lucky_draw.TestLuckyDrawFeature" name="test_06_lucky_draw_prize_detection" time="0.899" /><testcase classname="backend.tests.test_lucky_draw.TestLuckyDrawFeature" name="test_07_eligible_sheets_aggregation" time="0.168" /><testcase classname="backend.tests.test_lucky_draw.TestLuckyDrawFeature" name="test_08_game_session_structure" time="0.123"><failure message="AssertionError: Failed to start game: {&quot;detail&quot;:&quot;Not Found&quot;}&#10;assert 404 == 200&#10; +  where 404 = &lt;Response [404]&gt;.status_code">backend/tests/test_lucky_draw.py:374: in test_08_game_session_structure
    assert start_response.status_code == 200, f"Failed to start game: {start_response.text}"
E   AssertionError: Failed to start game: {"detail":"Not Found"}
E   assert 404 == 200
E    +  where 404 = &lt;Response [404]&gt;.status_code</failure></testcase><testcase classname="backend.tests.test_lucky_draw.TestLuckyDrawFeature" name="test_09_winners_endpoint_structure" time="0.175" /><testcase classname="backend.tests.test_lucky_draw.TestLuckyDrawFeature" name="test_10_lucky_draw_winner_has_is_lucky_draw_flag" time="0.000" /><testcase classname="backend.tests.test_lucky_draw.TestLuckyDrawIntegration" name="test_full_game_with_lucky_draw_setup" time="0.121" /></testsuite></testsuites>