<?xml version="1.0" encoding="utf-8"?><testsuites name="pytest tests"><testsuite name="pytest" errors="0" failures="0" skipped="0" tests="11" time="2.361" timestamp="2026-01-22T22:05:44.742876+00:00" hostname="agent-env-c737677e-66b5-4d2e-9177-139619782601"><testcase classname="backend.tests.test_lucky_draw.TestLuckyDrawFeature" name="test_01_admin_login" time="0.080" /><testcase classname="backend.tests.test_lucky_draw.TestLuckyDrawFeature" name="test_02_create_game_with_lucky_draw_prize" time="0.081" /><testcase classname="backend.tests.test_lucky_draw.TestLuckyDrawFeature" name="test_03_lucky_draw_endpoint_returns_data" time="0.261" /><testcase classname="backend.tests.test_lucky_draw.TestLuckyDrawFeature" name="test_04_lucky_draw_excludes_from_dividend_count" time="0.126" /><testcase classname="backend.tests.test_lucky_draw.TestLuckyDrawFeature" name="test_05_game_control_endpoint_exists" time="0.172" /><testcase classname="backend.tests.test_lucky_draw.TestLuckyDrawFeature" name="test_06_lucky_draw_prize_detection" time="0.893" /><testcase classname="backend.tests.test_lucky_draw.TestLuckyDrawFeature" name="test_07_eligible_sheets_aggregation" time="0.200" /><testcase classname="backend.tests.test_lucky_draw.TestLuckyDrawFeature" name="test_08_game_session_structure" time="0.200" /><testcase classname="backend.tests.test_lucky_draw.TestLuckyDrawFeature" name="test_09_winners_endpoint_structure" time="0.156" /><testcase classname="backend.tests.test_lucky_draw.TestLuckyDrawFeature" name="test_10_lucky_draw_winner_has_is_lucky_draw_flag" time="0.000" /><testcase classname="backend.tests.test_lucky_draw.TestLuckyDrawIntegration" name="test_full_game_with_lucky_draw_setup" time="0.123" /></testsuite></testsuites>