<?xml version="1.0" encoding="utf-8"?><testsuites name="pytest tests"><testsuite name="pytest" errors="0" failures="0" skipped="0" tests="9" time="0.501" timestamp="2026-01-23T23:38:28.522912+00:00" hostname="agent-env-fefdda5d-c42b-4ae2-80df-459f308c75a0"><testcase classname="backend.tests.test_past_results_and_polling.TestGameResultsEndpoint" name="test_results_endpoint_returns_full_game_details" time="0.073" /><testcase classname="backend.tests.test_past_results_and_polling.TestGameResultsEndpoint" name="test_results_endpoint_returns_winners_with_ticket_details" time="0.042" /><testcase classname="backend.tests.test_past_results_and_polling.TestGameResultsEndpoint" name="test_results_endpoint_404_for_nonexistent_game" time="0.039" /><testcase classname="backend.tests.test_past_results_and_polling.TestGameResultsEndpoint" name="test_results_endpoint_for_game_without_winners" time="0.079" /><testcase classname="backend.tests.test_past_results_and_polling.TestCompletedGamesEndpoint" name="test_completed_games_returns_list" time="0.043" /><testcase classname="backend.tests.test_past_results_and_polling.TestCompletedGamesEndpoint" name="test_completed_games_have_correct_status" time="0.043" /><testcase classname="backend.tests.test_past_results_and_polling.TestCompletedGamesEndpoint" name="test_completed_games_include_winners_preview" time="0.047" /><testcase classname="backend.tests.test_past_results_and_polling.TestGamesListEndpoint" name="test_games_list_returns_all_games" time="0.044" /><testcase classname="backend.tests.test_past_results_and_polling.TestGamesListEndpoint" name="test_games_list_includes_live_games" time="0.040" /></testsuite></testsuites>