<?xml version="1.0" encoding="utf-8"?><testsuites name="pytest tests"><testsuite name="pytest" errors="0" failures="0" skipped="0" tests="18" time="1.180" timestamp="2026-01-23T23:49:40.697252+00:00" hostname="agent-env-fefdda5d-c42b-4ae2-80df-459f308c75a0"><testcase classname="backend.tests.test_polling_optimization.TestPollListEndpoint" name="test_poll_list_returns_200" time="0.073" /><testcase classname="backend.tests.test_polling_optimization.TestPollListEndpoint" name="test_poll_list_returns_games_array" time="0.043" /><testcase classname="backend.tests.test_polling_optimization.TestPollListEndpoint" name="test_poll_list_returns_status_counts" time="0.044" /><testcase classname="backend.tests.test_polling_optimization.TestPollListEndpoint" name="test_poll_list_returns_minimal_fields" time="0.040" /><testcase classname="backend.tests.test_polling_optimization.TestPollListEndpoint" name="test_poll_list_response_is_lightweight" time="0.090" /><testcase classname="backend.tests.test_polling_optimization.TestGamePollEndpoint" name="test_game_poll_returns_200" time="0.042" /><testcase classname="backend.tests.test_polling_optimization.TestGamePollEndpoint" name="test_game_poll_returns_required_fields" time="0.044" /><testcase classname="backend.tests.test_polling_optimization.TestGamePollEndpoint" name="test_game_poll_delta_updates_with_last_count" time="0.079" /><testcase classname="backend.tests.test_polling_optimization.TestGamePollEndpoint" name="test_game_poll_no_changes_when_up_to_date" time="0.079" /><testcase classname="backend.tests.test_polling_optimization.TestGamePollEndpoint" name="test_game_poll_returns_winners" time="0.043" /><testcase classname="backend.tests.test_polling_optimization.TestGamePollEndpoint" name="test_game_poll_returns_current_number" time="0.039" /><testcase classname="backend.tests.test_polling_optimization.TestGamePollEndpoint" name="test_game_poll_404_for_nonexistent_game" time="0.037" /><testcase classname="backend.tests.test_polling_optimization.TestGamePollEndpoint" name="test_game_poll_response_is_lightweight" time="0.076" /><testcase classname="backend.tests.test_polling_optimization.TestPollingPerformance" name="test_poll_list_response_time" time="0.043" /><testcase classname="backend.tests.test_polling_optimization.TestPollingPerformance" name="test_game_poll_response_time" time="0.036" /><testcase classname="backend.tests.test_polling_optimization.TestPollingPerformance" name="test_multiple_rapid_polls" time="0.195" /><testcase classname="backend.tests.test_polling_optimization.TestCompletedGamePolling" name="test_completed_game_poll_returns_completed_status" time="0.039" /><testcase classname="backend.tests.test_polling_optimization.TestCompletedGamePolling" name="test_completed_game_has_all_numbers" time="0.073" /></testsuite></testsuites>