<?xml version="1.0" encoding="utf-8"?><testsuites name="pytest tests"><testsuite name="pytest" errors="0" failures="0" skipped="0" tests="17" time="6.376" timestamp="2026-01-08T21:02:47.216512+00:00" hostname="agent-env-f2ca54ad-1daa-437a-aadb-8ef30ada338e"><testcase classname="tests.test_admin_panel.TestAdminAuthentication" name="test_admin_login_success" time="0.071" /><testcase classname="tests.test_admin_panel.TestAdminAuthentication" name="test_admin_login_invalid_credentials" time="0.043" /><testcase classname="tests.test_admin_panel.TestAdminAuthentication" name="test_admin_verify_valid_session" time="0.082" /><testcase classname="tests.test_admin_panel.TestGameCRUD" name="test_create_game_success" time="1.292" /><testcase classname="tests.test_admin_panel.TestGameCRUD" name="test_create_game_with_custom_tickets" time="0.277" /><testcase classname="tests.test_admin_panel.TestGameCRUD" name="test_create_game_invalid_tickets" time="0.082" /><testcase classname="tests.test_admin_panel.TestGameCRUD" name="test_get_all_games" time="0.041" /><testcase classname="tests.test_admin_panel.TestGameCRUD" name="test_get_game_by_id" time="0.190" /><testcase classname="tests.test_admin_panel.TestGameCRUD" name="test_update_game" time="0.219" /><testcase classname="tests.test_admin_panel.TestGameLifecycle" name="test_start_game" time="0.538" /><testcase classname="tests.test_admin_panel.TestGameLifecycle" name="test_end_game" time="0.307" /><testcase classname="tests.test_admin_panel.TestGameLifecycle" name="test_cannot_edit_live_game" time="0.278" /><testcase classname="tests.test_admin_panel.TestAdminGameManagement" name="test_delete_upcoming_game" time="0.303" /><testcase classname="tests.test_admin_panel.TestAdminGameManagement" name="test_delete_live_game_requires_force" time="1.460" /><testcase classname="tests.test_admin_panel.TestAdminGameManagement" name="test_get_game_tickets_admin" time="0.366" /><testcase classname="tests.test_admin_panel.TestGameSession" name="test_call_number" time="0.252" /><testcase classname="tests.test_admin_panel.TestGameSession" name="test_get_session" time="0.386" /></testsuite></testsuites>