<?xml version="1.0" encoding="utf-8"?><testsuites name="pytest tests"><testsuite name="pytest" errors="0" failures="0" skipped="0" tests="24" time="0.192" timestamp="2026-01-09T17:40:43.159999+00:00" hostname="agent-env-f693ed7f-e3cf-4995-ba35-24bbc25d964d"><testcase classname="tests.test_ticket_generator.TestSingleTicketGeneration" name="test_ticket_has_3_rows" time="0.001" /><testcase classname="tests.test_ticket_generator.TestSingleTicketGeneration" name="test_ticket_has_9_columns" time="0.001" /><testcase classname="tests.test_ticket_generator.TestSingleTicketGeneration" name="test_ticket_has_exactly_15_numbers" time="0.000" /><testcase classname="tests.test_ticket_generator.TestSingleTicketGeneration" name="test_each_row_has_5_numbers" time="0.001" /><testcase classname="tests.test_ticket_generator.TestSingleTicketGeneration" name="test_each_column_has_1_to_3_numbers" time="0.000" /><testcase classname="tests.test_ticket_generator.TestSingleTicketGeneration" name="test_numbers_in_correct_column_ranges" time="0.000" /><testcase classname="tests.test_ticket_generator.TestSingleTicketGeneration" name="test_numbers_sorted_ascending_in_columns" time="0.000" /><testcase classname="tests.test_ticket_generator.TestSingleTicketGeneration" name="test_validate_ticket_function" time="0.001" /><testcase classname="tests.test_ticket_generator.TestSingleTicketGeneration" name="test_generate_100_valid_tickets" time="0.006" /><testcase classname="tests.test_ticket_generator.TestFullSheetGeneration" name="test_full_sheet_has_6_tickets" time="0.000" /><testcase classname="tests.test_ticket_generator.TestFullSheetGeneration" name="test_full_sheet_contains_all_90_numbers" time="0.000" /><testcase classname="tests.test_ticket_generator.TestFullSheetGeneration" name="test_full_sheet_no_duplicate_numbers" time="0.000" /><testcase classname="tests.test_ticket_generator.TestFullSheetGeneration" name="test_each_ticket_in_full_sheet_has_15_numbers" time="0.000" /><testcase classname="tests.test_ticket_generator.TestFullSheetGeneration" name="test_each_ticket_in_full_sheet_has_5_per_row" time="0.000" /><testcase classname="tests.test_ticket_generator.TestFullSheetGeneration" name="test_validate_full_sheet_function" time="0.000" /><testcase classname="tests.test_ticket_generator.TestFullSheetGeneration" name="test_full_sheet_total_is_90_numbers" time="0.000" /><testcase classname="tests.test_ticket_generator.TestExtensiveValidation" name="test_generate_500_valid_full_sheets" time="0.117" /><testcase classname="tests.test_ticket_generator.TestExtensiveValidation" name="test_generate_100_full_sheets_detailed_validation" time="0.025" /><testcase classname="tests.test_ticket_generator.TestColumnRangeDistribution" name="test_column_ranges_are_correct" time="0.000" /><testcase classname="tests.test_ticket_generator.TestColumnRangeDistribution" name="test_column_sizes_sum_to_90" time="0.000" /><testcase classname="tests.test_ticket_generator.TestColumnRangeDistribution" name="test_full_sheet_column_distribution" time="0.000" /><testcase classname="tests.test_ticket_generator.TestWhatsAppNumberUpdate" name="test_whatsapp_number_is_updated" time="0.000" /><testcase classname="tests.test_ticket_generator.TestWhatsAppNumberUpdate" name="test_auth_headers_function_exists" time="0.000" /><testcase classname="tests.test_ticket_generator.TestWhatsAppNumberUpdate" name="test_api_calls_include_auth_headers" time="0.000" /></testsuite></testsuites>