<?xml version="1.0" encoding="utf-8"?><testsuites name="pytest tests"><testsuite name="pytest" errors="0" failures="0" skipped="0" tests="16" time="1.042" timestamp="2026-01-08T22:24:16.008391+00:00" hostname="agent-env-f2ca54ad-1daa-437a-aadb-8ef30ada338e"><testcase classname="tests.test_winners_tab.TestAdminAuth" name="test_admin_login_success" time="0.073" /><testcase classname="tests.test_winners_tab.TestWinnersEndpoint" name="test_winners_endpoint_exists" time="0.123" /><testcase classname="tests.test_winners_tab.TestWinnersEndpoint" name="test_winners_endpoint_returns_correct_structure" time="0.042" /><testcase classname="tests.test_winners_tab.TestWinnersEndpoint" name="test_winners_endpoint_requires_auth" time="0.041" /><testcase classname="tests.test_winners_tab.TestWinnersEndpoint" name="test_winners_endpoint_404_for_invalid_game" time="0.044" /><testcase classname="tests.test_winners_tab.TestWinnersEndpoint" name="test_winners_data_includes_announcement_status" time="0.039" /><testcase classname="tests.test_winners_tab.TestWinnerAnnouncementEndpoint" name="test_winner_announcement_endpoint_exists" time="0.081" /><testcase classname="tests.test_winners_tab.TestWinnerAnnouncementEndpoint" name="test_winner_announcement_requires_auth" time="0.037" /><testcase classname="tests.test_winners_tab.TestWinnerAnnouncementEndpoint" name="test_winner_announcement_validates_game_status" time="0.038" /><testcase classname="tests.test_winners_tab.TestWinnerAnnouncementEndpoint" name="test_winner_announcement_validates_winner_exists" time="0.042" /><testcase classname="tests.test_winners_tab.TestGameControlEndpoint" name="test_game_control_returns_game_info" time="0.124" /><testcase classname="tests.test_winners_tab.TestGameControlEndpoint" name="test_game_control_for_upcoming_game" time="0.046" /><testcase classname="tests.test_winners_tab.TestWinnersTabUIData" name="test_winners_tab_data_for_live_game" time="0.084" /><testcase classname="tests.test_winners_tab.TestWinnersTabUIData" name="test_winners_tab_data_for_upcoming_game" time="0.042" /><testcase classname="tests.test_winners_tab.TestWinnersTabUIData" name="test_prize_pool_reference_data" time="0.041" /><testcase classname="tests.test_winners_tab.TestWinnerAnnouncementDuplicatePrevention" name="test_duplicate_prevention_logic_exists" time="0.073" /></testsuite></testsuites>