<?xml version="1.0" encoding="utf-8"?><testsuites name="pytest tests"><testsuite name="pytest" errors="0" failures="0" skipped="0" tests="8" time="0.780" timestamp="2026-01-23T22:30:01.626997+00:00" hostname="agent-env-fefdda5d-c42b-4ae2-80df-459f308c75a0"><testcase classname="backend.tests.test_zoom_and_pending_bookings.TestBookingRequestsDelete" name="test_login_success" time="0.135" /><testcase classname="backend.tests.test_zoom_and_pending_bookings.TestBookingRequestsDelete" name="test_get_my_booking_requests" time="0.061" /><testcase classname="backend.tests.test_zoom_and_pending_bookings.TestBookingRequestsDelete" name="test_create_and_delete_booking_request" time="0.144" /><testcase classname="backend.tests.test_zoom_and_pending_bookings.TestBookingRequestsDelete" name="test_delete_nonexistent_booking" time="0.065" /><testcase classname="backend.tests.test_zoom_and_pending_bookings.TestBookingRequestsDelete" name="test_delete_without_auth" time="0.043" /><testcase classname="backend.tests.test_zoom_and_pending_bookings.TestGamesAndTickets" name="test_get_upcoming_game" time="0.041" /><testcase classname="backend.tests.test_zoom_and_pending_bookings.TestGamesAndTickets" name="test_get_game_tickets" time="0.042" /><testcase classname="backend.tests.test_zoom_and_pending_bookings.TestPendingBookingsFlow" name="test_pending_bookings_appear_in_my_bookings" time="0.195" /></testsuite></testsuites>